Arguments: 
  C:\Program Files\nodejs\node.exe C:\Users\Roodev\AppData\Roaming\npm\node_modules\yarn\bin\yarn.js add firebase

PATH: 
  C:\WINDOWS\system32;C:\WINDOWS;C:\WINDOWS\System32\Wbem;C:\WINDOWS\System32\WindowsPowerShell\v1.0\;C:\WINDOWS\System32\OpenSSH\;C:\Program Files\nodejs\;C:\Program Files\Git\cmd;C:\Users\Roodev\AppData\Local\Microsoft\WindowsApps;;C:\Users\Roodev\AppData\Local\Programs\Microsoft VS Code\bin;C:\Users\Roodev\AppData\Roaming\npm

Yarn version: 
  1.22.17

Node version: 
  16.14.1

Platform: 
  win32 x64

Trace: 
  Error: connect ENETUNREACH 104.16.26.35:443
      at TCPConnectWrap.afterConnect [as oncomplete] (node:net:1157:16)

npm manifest: 
  {
    "name": "client",
    "version": "1.0.0",
    "description": "",
    "main": "client.js",
    "scripts": {
      "test": "echo \"Error: no test specified\" && exit 1"
    },
    "author": "Eric Aidoo",
    "license": "ISC",
    "dependencies": {
      "ws": "^8.5.0"
    }
  }

yarn manifest: 
  No manifest

Lockfile: 
  # THIS IS AN AUTOGENERATED FILE. DO NOT EDIT THIS FILE DIRECTLY.
  # yarn lockfile v1
  
  
  "ws@^8.5.0":
    "integrity" "sha512-BWX0SWVgLPzYwF8lTzEy1egjhS4S4OEAHfsO8o65WOVsrnSRGaSiUaa9e0ggGlkMTtBlmOpEXiie9RUcBO86qg=="
    "resolved" "https://registry.npmjs.org/ws/-/ws-8.5.0.tgz"
    "version" "8.5.0"
